# JRE version: OpenJDK Runtime Environment (16.0.2+7) (build 16.0.2+7-67)
# Java VM: OpenJDK 64-Bit Server VM (16.0.2+7-67, mixed mode, sharing, tiered, compressed oops, compressed class ptrs, g1 gc, windows-amd64)
GC Precious Log:
 CPUs: 4 total, 4 available
 Memory: 8150M
 Large Page Support: Disabled
 NUMA Support: Disabled
 Compressed Oops: Enabled (32-bit)
 Heap Region Size: 1M
 Heap Min Capacity: 8M
 Heap Initial Capacity: 128M
 Heap Max Capacity: 2038M
 Pre-touch: Disabled
 Parallel Workers: 4
 Concurrent Workers: 1
 Concurrent Refinement Workers: 4
 Periodic GC: Disabled
Heap:
 garbage-first heap   total 327680K, used 154112K [0x0000000080a00000, 0x0000000100000000)
  region size 1024K, 11 young (11264K), 11 survivors (11264K)
 Metaspace       used 9764K, committed 9984K, reserved 1064960K
  class space    used 1278K, committed 1408K, reserved 1048576K
GC Heap History (20 events):
Event: 0.370 GC heap after
{Heap after GC invocations=1 (full 0):
 garbage-first heap   total 131072K, used 1764K [0x0000000080a00000, 0x0000000100000000)
  region size 1024K, 2 young (2048K), 2 survivors (2048K)
 Metaspace       used 2829K, committed 3008K, reserved 1056768K
  class space    used 293K, committed 384K, reserved 1048576K
}
Event: 0.695 GC heap before
{Heap before GC invocations=1 (full 0):
 garbage-first heap   total 131072K, used 19172K [0x0000000080a00000, 0x0000000100000000)
  region size 1024K, 20 young (20480K), 2 survivors (2048K)
 Metaspace       used 8353K, committed 8576K, reserved 1064960K
  class space    used 1052K, committed 1152K, reserved 1048576K
}
Event: 0.698 GC heap after
{Heap after GC invocations=2 (full 0):
 garbage-first heap   total 131072K, used 4787K [0x0000000080a00000, 0x0000000100000000)
  region size 1024K, 3 young (3072K), 3 survivors (3072K)
 Metaspace       used 8353K, committed 8576K, reserved 1064960K
  class space    used 1052K, committed 1152K, reserved 1048576K
}
Event: 0.986 GC heap before
{Heap before GC invocations=2 (full 0):
 garbage-first heap   total 131072K, used 85683K [0x0000000080a00000, 0x0000000100000000)
  region size 1024K, 76 young (77824K), 3 survivors (3072K)
 Metaspace       used 9556K, committed 9856K, reserved 1064960K
  class space    used 1263K, committed 1408K, reserved 1048576K
}
Event: 1.007 GC heap after
{Heap after GC invocations=3 (full 0):
 garbage-first heap   total 131072K, used 17453K [0x0000000080a00000, 0x0000000100000000)
  region size 1024K, 10 young (10240K), 10 survivors (10240K)
 Metaspace       used 9556K, committed 9856K, reserved 1064960K
  class space    used 1263K, committed 1408K, reserved 1048576K
}
Event: 1.059 GC heap before
{Heap before GC invocations=3 (full 0):
 garbage-first heap   total 131072K, used 79917K [0x0000000080a00000, 0x0000000100000000)
  region size 1024K, 68 young (69632K), 10 survivors (10240K)
 Metaspace       used 9556K, committed 9856K, reserved 1064960K
  class space    used 1263K, committed 1408K, reserved 1048576K
}
Event: 1.086 GC heap after
{Heap after GC invocations=4 (full 0):
 garbage-first heap   total 131072K, used 25912K [0x0000000080a00000, 0x0000000100000000)
  region size 1024K, 6 young (6144K), 6 survivors (6144K)
 Metaspace       used 9556K, committed 9856K, reserved 1064960K
  class space    used 1263K, committed 1408K, reserved 1048576K
}
Event: 1.135 GC heap before
{Heap before GC invocations=4 (full 0):
 garbage-first heap   total 131072K, used 79160K [0x0000000080a00000, 0x0000000100000000)
  region size 1024K, 53 young (54272K), 6 survivors (6144K)
 Metaspace       used 9764K, committed 9984K, reserved 1064960K
  class space    used 1278K, committed 1408K, reserved 1048576K
}
Event: 1.149 GC heap after
{Heap after GC invocations=5 (full 0):
 garbage-first heap   total 131072K, used 36562K [0x0000000080a00000, 0x0000000100000000)
  region size 1024K, 5 young (5120K), 5 survivors (5120K)
 Metaspace       used 9764K, committed 9984K, reserved 1064960K
  class space    used 1278K, committed 1408K, reserved 1048576K
}
Event: 1.217 GC heap before
{Heap before GC invocations=5 (full 0):
 garbage-first heap   total 131072K, used 106194K [0x0000000080a00000, 0x0000000100000000)
  region size 1024K, 66 young (67584K), 5 survivors (5120K)
 Metaspace       used 9764K, committed 9984K, reserved 1064960K
  class space    used 1278K, committed 1408K, reserved 1048576K
}
Event: 1.232 GC heap after
{Heap after GC invocations=6 (full 0):
 garbage-first heap   total 131072K, used 49152K [0x0000000080a00000, 0x0000000100000000)
  region size 1024K, 9 young (9216K), 9 survivors (9216K)
 Metaspace       used 9764K, committed 9984K, reserved 1064960K
  class space    used 1278K, committed 1408K, reserved 1048576K
}
Event: 1.262 GC heap before
{Heap before GC invocations=6 (full 0):
 garbage-first heap   total 131072K, used 103424K [0x0000000080a00000, 0x0000000100000000)
  region size 1024K, 62 young (63488K), 9 survivors (9216K)
 Metaspace       used 9764K, committed 9984K, reserved 1064960K
  class space    used 1278K, committed 1408K, reserved 1048576K
}
Event: 1.279 GC heap after
{Heap after GC invocations=7 (full 0):
 garbage-first heap   total 327680K, used 54836K [0x0000000080a00000, 0x0000000100000000)
  region size 1024K, 6 young (6144K), 6 survivors (6144K)
 Metaspace       used 9764K, committed 9984K, reserved 1064960K
  class space    used 1278K, committed 1408K, reserved 1048576K
}
Event: 1.533 GC heap before
{Heap before GC invocations=7 (full 0):
 garbage-first heap   total 327680K, used 267828K [0x0000000080a00000, 0x0000000100000000)
  region size 1024K, 190 young (194560K), 6 survivors (6144K)
 Metaspace       used 9764K, committed 9984K, reserved 1064960K
  class space    used 1278K, committed 1408K, reserved 1048576K
}
Event: 1.577 GC heap after
{Heap after GC invocations=8 (full 0):
 garbage-first heap   total 327680K, used 94639K [0x0000000080a00000, 0x0000000100000000)
  region size 1024K, 21 young (21504K), 21 survivors (21504K)
 Metaspace       used 9764K, committed 9984K, reserved 1064960K
  class space    used 1278K, committed 1408K, reserved 1048576K
}
Event: 1.659 GC heap before
{Heap before GC invocations=8 (full 0):
 garbage-first heap   total 327680K, used 248239K [0x0000000080a00000, 0x0000000100000000)
  region size 1024K, 171 young (175104K), 21 survivors (21504K)
 Metaspace       used 9764K, committed 9984K, reserved 1064960K
  class space    used 1278K, committed 1408K, reserved 1048576K
}
Event: 1.701 GC heap after
{Heap after GC invocations=9 (full 0):
 garbage-first heap   total 327680K, used 108544K [0x0000000080a00000, 0x0000000100000000)
  region size 1024K, 14 young (14336K), 14 survivors (14336K)
 Metaspace       used 9764K, committed 9984K, reserved 1064960K
  class space    used 1278K, committed 1408K, reserved 1048576K
}
Event: 1.847 GC heap before
{Heap before GC invocations=9 (full 0):
 garbage-first heap   total 327680K, used 277504K [0x0000000080a00000, 0x0000000100000000)
  region size 1024K, 158 young (161792K), 14 survivors (14336K)
 Metaspace       used 9764K, committed 9984K, reserved 1064960K
  class space    used 1278K, committed 1408K, reserved 1048576K
}
Event: 1.880 GC heap after
{Heap after GC invocations=10 (full 0):
 garbage-first heap   total 327680K, used 143360K [0x0000000080a00000, 0x0000000100000000)
  region size 1024K, 14 young (14336K), 14 survivors (14336K)
 Metaspace       used 9764K, committed 9984K, reserved 1064960K
  class space    used 1278K, committed 1408K, reserved 1048576K
}
Event: 1.944 GC heap before
{Heap before GC invocations=10 (full 0):
 garbage-first heap   total 327680K, used 265216K [0x0000000080a00000, 0x0000000100000000)
  region size 1024K, 133 young (136192K), 14 survivors (14336K)
 Metaspace       used 9764K, committed 9984K, reserved 1064960K
  class space    used 1278K, committed 1408K, reserved 1048576K
}

