# JRE version: OpenJDK Runtime Environment (16.0.2+7) (build 16.0.2+7-67)
# Java VM: OpenJDK 64-Bit Server VM (16.0.2+7-67, mixed mode, sharing, tiered, compressed oops, compressed class ptrs, g1 gc, windows-amd64)
GC Precious Log:
 CPUs: 4 total, 4 available
 Memory: 8150M
 Large Page Support: Disabled
 NUMA Support: Disabled
 Compressed Oops: Enabled (32-bit)
 Heap Region Size: 1M
 Heap Min Capacity: 8M
 Heap Initial Capacity: 128M
 Heap Max Capacity: 2038M
 Pre-touch: Disabled
 Parallel Workers: 4
 Concurrent Workers: 1
 Concurrent Refinement Workers: 4
 Periodic GC: Disabled
Heap:
 garbage-first heap   total 393216K, used 204288K [0x0000000080a00000, 0x0000000100000000)
  region size 1024K, 13 young (13312K), 13 survivors (13312K)
 Metaspace       used 9761K, committed 10048K, reserved 1064960K
  class space    used 1276K, committed 1408K, reserved 1048576K
GC Heap History (19 events):
Event: 0.459 GC heap before
{Heap before GC invocations=0 (full 0):
 garbage-first heap   total 131072K, used 13312K [0x0000000080a00000, 0x0000000100000000)
  region size 1024K, 13 young (13312K), 0 survivors (0K)
 Metaspace       used 2838K, committed 3008K, reserved 1056768K
  class space    used 291K, committed 384K, reserved 1048576K
}
Event: 0.468 GC heap after
{Heap after GC invocations=1 (full 0):
 garbage-first heap   total 131072K, used 1735K [0x0000000080a00000, 0x0000000100000000)
  region size 1024K, 2 young (2048K), 2 survivors (2048K)
 Metaspace       used 2838K, committed 3008K, reserved 1056768K
  class space    used 291K, committed 384K, reserved 1048576K
}
Event: 0.803 GC heap before
{Heap before GC invocations=1 (full 0):
 garbage-first heap   total 131072K, used 19143K [0x0000000080a00000, 0x0000000100000000)
  region size 1024K, 20 young (20480K), 2 survivors (2048K)
 Metaspace       used 8374K, committed 8576K, reserved 1064960K
  class space    used 1052K, committed 1152K, reserved 1048576K
}
Event: 0.806 GC heap after
{Heap after GC invocations=2 (full 0):
 garbage-first heap   total 131072K, used 4446K [0x0000000080a00000, 0x0000000100000000)
  region size 1024K, 3 young (3072K), 3 survivors (3072K)
 Metaspace       used 8374K, committed 8576K, reserved 1064960K
  class space    used 1052K, committed 1152K, reserved 1048576K
}
Event: 1.110 GC heap before
{Heap before GC invocations=2 (full 0):
 garbage-first heap   total 131072K, used 100702K [0x0000000080a00000, 0x0000000100000000)
  region size 1024K, 76 young (77824K), 3 survivors (3072K)
 Metaspace       used 9761K, committed 10048K, reserved 1064960K
  class space    used 1276K, committed 1408K, reserved 1048576K
}
Event: 1.154 GC heap after
{Heap after GC invocations=3 (full 0):
 garbage-first heap   total 131072K, used 44260K [0x0000000080a00000, 0x0000000100000000)
  region size 1024K, 10 young (10240K), 10 survivors (10240K)
 Metaspace       used 9761K, committed 10048K, reserved 1064960K
  class space    used 1276K, committed 1408K, reserved 1048576K
}
Event: 1.160 GC heap before
{Heap before GC invocations=3 (full 0):
 garbage-first heap   total 131072K, used 45284K [0x0000000080a00000, 0x0000000100000000)
  region size 1024K, 11 young (11264K), 10 survivors (10240K)
 Metaspace       used 9761K, committed 10048K, reserved 1064960K
  class space    used 1276K, committed 1408K, reserved 1048576K
}
Event: 1.180 GC heap after
{Heap after GC invocations=4 (full 0):
 garbage-first heap   total 131072K, used 44719K [0x0000000080a00000, 0x0000000100000000)
  region size 1024K, 1 young (1024K), 1 survivors (1024K)
 Metaspace       used 9761K, committed 10048K, reserved 1064960K
  class space    used 1276K, committed 1408K, reserved 1048576K
}
Event: 1.183 GC heap before
{Heap before GC invocations=4 (full 0):
 garbage-first heap   total 131072K, used 49839K [0x0000000080a00000, 0x0000000100000000)
  region size 1024K, 6 young (6144K), 1 survivors (1024K)
 Metaspace       used 9761K, committed 10048K, reserved 1064960K
  class space    used 1276K, committed 1408K, reserved 1048576K
}
Event: 1.185 GC heap after
{Heap after GC invocations=5 (full 0):
 garbage-first heap   total 131072K, used 46530K [0x0000000080a00000, 0x0000000100000000)
  region size 1024K, 1 young (1024K), 1 survivors (1024K)
 Metaspace       used 9761K, committed 10048K, reserved 1064960K
  class space    used 1276K, committed 1408K, reserved 1048576K
}
Event: 1.229 GC heap before
{Heap before GC invocations=5 (full 0):
 garbage-first heap   total 131072K, used 83394K [0x0000000080a00000, 0x0000000100000000)
  region size 1024K, 27 young (27648K), 1 survivors (1024K)
 Metaspace       used 9761K, committed 10048K, reserved 1064960K
  class space    used 1276K, committed 1408K, reserved 1048576K
}
Event: 1.243 GC heap after
{Heap after GC invocations=6 (full 0):
 garbage-first heap   total 393216K, used 63750K [0x0000000080a00000, 0x0000000100000000)
  region size 1024K, 4 young (4096K), 4 survivors (4096K)
 Metaspace       used 9761K, committed 10048K, reserved 1064960K
  class space    used 1276K, committed 1408K, reserved 1048576K
}
Event: 1.280 GC heap before
{Heap before GC invocations=6 (full 0):
 garbage-first heap   total 393216K, used 109830K [0x0000000080a00000, 0x0000000100000000)
  region size 1024K, 49 young (50176K), 4 survivors (4096K)
 Metaspace       used 9761K, committed 10048K, reserved 1064960K
  class space    used 1276K, committed 1408K, reserved 1048576K
}
Event: 1.298 GC heap after
{Heap after GC invocations=7 (full 0):
 garbage-first heap   total 393216K, used 75585K [0x0000000080a00000, 0x0000000100000000)
  region size 1024K, 7 young (7168K), 7 survivors (7168K)
 Metaspace       used 9761K, committed 10048K, reserved 1064960K
  class space    used 1276K, committed 1408K, reserved 1048576K
}
Event: 1.460 GC heap before
{Heap before GC invocations=7 (full 0):
 garbage-first heap   total 393216K, used 190273K [0x0000000080a00000, 0x0000000100000000)
  region size 1024K, 84 young (86016K), 7 survivors (7168K)
 Metaspace       used 9761K, committed 10048K, reserved 1064960K
  class space    used 1276K, committed 1408K, reserved 1048576K
}
Event: 1.497 GC heap after
{Heap after GC invocations=8 (full 0):
 garbage-first heap   total 393216K, used 131430K [0x0000000080a00000, 0x0000000100000000)
  region size 1024K, 11 young (11264K), 11 survivors (11264K)
 Metaspace       used 9761K, committed 10048K, reserved 1064960K
  class space    used 1276K, committed 1408K, reserved 1048576K
}
Event: 1.524 GC heap before
{Heap before GC invocations=8 (full 0):
 garbage-first heap   total 393216K, used 192870K [0x0000000080a00000, 0x0000000100000000)
  region size 1024K, 71 young (72704K), 11 survivors (11264K)
 Metaspace       used 9761K, committed 10048K, reserved 1064960K
  class space    used 1276K, committed 1408K, reserved 1048576K
}
Event: 1.550 GC heap after
{Heap after GC invocations=9 (full 0):
 garbage-first heap   total 393216K, used 147456K [0x0000000080a00000, 0x0000000100000000)
  region size 1024K, 9 young (9216K), 9 survivors (9216K)
 Metaspace       used 9761K, committed 10048K, reserved 1064960K
  class space    used 1276K, committed 1408K, reserved 1048576K
}
Event: 1.703 GC heap before
{Heap before GC invocations=9 (full 0):
 garbage-first heap   total 393216K, used 273408K [0x0000000080a00000, 0x0000000100000000)
  region size 1024K, 101 young (103424K), 9 survivors (9216K)
 Metaspace       used 9761K, committed 10048K, reserved 1064960K
  class space    used 1276K, committed 1408K, reserved 1048576K
}

